saving results to directory ../output2
running command: time python2.7 Main.py 1         -c /proj/b2010042/assembly/ASSEMBLYLOCK_2012_JULY/masterassembly/picea_abies.master.july2012.fa         -f /proj/b2010042/est/alignment/bwa/ASSEMBLYLOCK_2012_JULY_master/october2012/masterassembly/fq.normalized_K25_C80_pctSD100.bam 
        -e 3        -T 20000        -k 500        -d 1        -g 0        -z 1000        -o ../output2 
Main.py:215: UserWarning: parameter -g (treating haplotypic regions) inactivated, parameters -a and -b will not have any effect if specified. 
  warnings.warn('parameter -g (treating haplotypic regions) inactivated, parameters -a and -b will not have any effect if specified. ')
Starting scaffolding with library:  /proj/b2010042/est/alignment/bwa/ASSEMBLYLOCK_2012_JULY_master/october2012/masterassembly/fq.normalized_K25_C80_pctSD100.bam
Parsing BAM file...
Computing parameters not set by user...

Mean of library set to: No mean calc since RNA reads
Standard deviation of library set to: No std calc since RNA reads
-T (library insert size threshold) set to:  20000
-k set to (Scaffolding with contigs larger than):  500
Number of links required to create an edge:  3
Read length set to:  100.0
Relative weight of dominating link set to (default=3):  3

LG50:  5075 NG50:  435488 Initial contig assembly length:  12380084394
Nr of contigs/scaffolds included in scaffolding: 3220432
Total time elapsed:  37.7447559834
USEFUL READS (reads mapping to different contigs):  398966
Reads with too large insert size from "USEFUL READS" (filtered out):  70253
Number of duplicated reads indicated and removed:  37469
Mean coverage before filtering out extreme observations =  0.894233146519
Std dev of coverage before filtering out extreme observations=  1.5182467379
Quantile for repeat detector chosen to: 3.88445706788
Quantile for repeat detector chosen to: 3.88176946106
Quantile for repeat detector chosen to: 3.87979493178
Quantile for repeat detector chosen to: 3.87905009495
Quantile for repeat detector chosen to: 3.8780532164
Mean coverage after filtering =  0.732795256169
Std coverage after filtering =  1.13492433626
Length of longest contig in calc of coverage:  208095
Length of shortest contig in calc of coverage:  85172
Perform inference on scaffold graph...
Remove isolated nodes.
Remove edges from node if more than two edges
Remove isolated nodes.
Contigs/scaffolds left: 25970
Remove remaining cycles...
Nr of new scaffolds created: 11528
Writing out scaffolding results for step 1  ...
LG50:  5123 NG50:  428636 Initial contig assembly length:  12380084394
Finished

 
1868.45user 80.85system 36:37.45elapsed 88%CPU (0avgtext+0avgdata 220778016maxresident)k
7352inputs+25910864outputs (3major+12599932minor)pagefaults 0swaps
